04/20/2023 10:42:06 AM - humann.humann - INFO: Running humann v3.6
04/20/2023 10:42:06 AM - humann.humann - INFO: Output files will be written to: /home/joynerco22/humann-3.6.1/H2W_SMM_FULL_Parcubacteria7_0.51_39.8.fa_results
04/20/2023 10:42:06 AM - humann.humann - INFO: Writing temp files to directory: /home/joynerco22/humann-3.6.1/H2W_SMM_FULL_Parcubacteria7_0.51_39.8.fa_results/H2W_SMM_FULL_Parcubacteria7_0.51_39.8_humann_temp
04/20/2023 10:42:06 AM - humann.utilities - INFO: File ( /home/joynerco22/humann-3.6.1/H2W_bins_dir/H2W_SMM_FULL_Parcubacteria7_0.51_39.8.fa ) is of format:  fasta
04/20/2023 10:42:06 AM - humann.utilities - DEBUG: Check software, metaphlan, for required version, 3.0
04/20/2023 10:42:07 AM - humann.utilities - INFO: Using metaphlan version 4.0
04/20/2023 10:42:07 AM - humann.utilities - DEBUG: Check software, bowtie2, for required version, 2.2
04/20/2023 10:42:07 AM - humann.utilities - INFO: Using bowtie2 version 2.5
04/20/2023 10:42:07 AM - humann.utilities - DEBUG: Check software, diamond, for required version, 2.0.15
04/20/2023 10:42:07 AM - humann.utilities - INFO: Using diamond version 2.1.6
04/20/2023 10:42:07 AM - humann.config - INFO: 
Run config settings: 

DATABASE SETTINGS
nucleotide database folder = /home/joynerco22/humann-3.6.1/humann/data/chocophlan
protein database folder = /home/joynerco22/humann-3.6.1/humann/data/uniref/HUMANN3/uniref
pathways database file 1 = /home/joynerco22/miniconda3/envs/biobakery3/lib/python3.7/site-packages/humann/data/pathways/metacyc_reactions_level4ec_only.uniref.bz2
pathways database file 2 = /home/joynerco22/miniconda3/envs/biobakery3/lib/python3.7/site-packages/humann/data/pathways/metacyc_pathways_structured_filtered_v24
utility mapping database folder = /home/joynerco22/humann-3.6.1/humann/data/utility_mapping

RUN MODES
resume = False
verbose = False
bypass prescreen = False
bypass nucleotide index = False
bypass nucleotide search = False
bypass translated search = False
translated search = diamond
threads = 8

SEARCH MODE
search mode = uniref50
nucleotide identity threshold = 0.0
translated identity threshold = 50.0

ALIGNMENT SETTINGS
bowtie2 options = --very-sensitive
diamond options = --top 1 --sensitive --outfmt 6
evalue threshold = 1.0
prescreen threshold = 0.01
translated subject coverage threshold = 50.0
translated query coverage threshold = 90.0
nucleotide subject coverage threshold = 50.0
nucleotide query coverage threshold = 90.0

PATHWAYS SETTINGS
minpath = on
xipe = off
gap fill = on

INPUT AND OUTPUT FORMATS
input file format = fasta
output file format = tsv
output max decimals = 10
remove stratified output = False
remove column description output = False
log level = DEBUG

04/20/2023 10:42:07 AM - humann.store - DEBUG: Initialize Alignments class instance to minimize memory use
04/20/2023 10:42:07 AM - humann.store - DEBUG: Initialize Reads class instance to minimize memory use
04/20/2023 10:42:36 AM - humann.humann - INFO: Load pathways database part 1: /home/joynerco22/miniconda3/envs/biobakery3/lib/python3.7/site-packages/humann/data/pathways/metacyc_reactions_level4ec_only.uniref.bz2
04/20/2023 10:42:36 AM - humann.humann - INFO: Load pathways database part 2: /home/joynerco22/miniconda3/envs/biobakery3/lib/python3.7/site-packages/humann/data/pathways/metacyc_pathways_structured_filtered_v24
04/20/2023 10:42:36 AM - humann.search.prescreen - INFO: Running metaphlan ........
04/20/2023 10:42:36 AM - humann.utilities - DEBUG: Using software: /home/joynerco22/miniconda3/envs/biobakery3/bin/metaphlan
04/20/2023 10:42:36 AM - humann.utilities - INFO: Execute command: /home/joynerco22/miniconda3/envs/biobakery3/bin/metaphlan /home/joynerco22/humann-3.6.1/H2W_bins_dir/H2W_SMM_FULL_Parcubacteria7_0.51_39.8.fa --index mpa_vJan21_CHOCOPhlAnSGB_202103 -o /home/joynerco22/humann-3.6.1/H2W_SMM_FULL_Parcubacteria7_0.51_39.8.fa_results/H2W_SMM_FULL_Parcubacteria7_0.51_39.8_humann_temp/H2W_SMM_FULL_Parcubacteria7_0.51_39.8_metaphlan_bugs_list.tsv --input_type fasta --bowtie2out /home/joynerco22/humann-3.6.1/H2W_SMM_FULL_Parcubacteria7_0.51_39.8.fa_results/H2W_SMM_FULL_Parcubacteria7_0.51_39.8_humann_temp/H2W_SMM_FULL_Parcubacteria7_0.51_39.8_metaphlan_bowtie2.txt --nproc 8
04/20/2023 10:47:40 AM - humann.utilities - DEBUG: b'WARNING: The number of reads in the sample (None) is below the recommended minimum of 10,000 reads.WARNING: MetaPhlAn did not detect any microbial taxa in the sample.\n'
04/20/2023 10:47:40 AM - humann.humann - INFO: TIMESTAMP: Completed 	prescreen 	:	 304	 seconds
04/20/2023 10:47:40 AM - humann.search.prescreen - INFO: Total species selected from prescreen: 0
04/20/2023 10:47:40 AM - humann.search.prescreen - DEBUG: 

No species were selected from the prescreen.
Because of this the custom ChocoPhlAn database is empty.
This will result in zero species-specific gene families and pathways.


04/20/2023 10:47:40 AM - humann.humann - INFO: TIMESTAMP: Completed 	custom database creation 	:	 0	 seconds
04/20/2023 10:47:40 AM - humann.humann - DEBUG: Custom database is empty
04/20/2023 10:47:40 AM - humann.store - DEBUG: Initialize Reads class instance to minimize memory use
04/20/2023 10:47:40 AM - humann.search.translated - INFO: Running diamond ........
04/20/2023 10:47:40 AM - humann.search.translated - INFO: Aligning to reference database: uniref50_201901b_full.dmnd
04/20/2023 10:47:40 AM - humann.utilities - DEBUG: Remove file: /home/joynerco22/humann-3.6.1/H2W_SMM_FULL_Parcubacteria7_0.51_39.8.fa_results/H2W_SMM_FULL_Parcubacteria7_0.51_39.8_humann_temp/tmpir6iyjbd/diamond_m8_zapud2ku
04/20/2023 10:47:40 AM - humann.utilities - DEBUG: Using software: /home/joynerco22/miniconda3/envs/biobakery3/bin/diamond
04/20/2023 10:47:40 AM - humann.utilities - INFO: Execute command: /home/joynerco22/miniconda3/envs/biobakery3/bin/diamond blastx --query /home/joynerco22/humann-3.6.1/H2W_bins_dir/H2W_SMM_FULL_Parcubacteria7_0.51_39.8.fa --evalue 1.0 --threads 8 --top 1 --sensitive --outfmt 6 --db /home/joynerco22/humann-3.6.1/humann/data/uniref/HUMANN3/uniref/uniref50_201901b_full --out /home/joynerco22/humann-3.6.1/H2W_SMM_FULL_Parcubacteria7_0.51_39.8.fa_results/H2W_SMM_FULL_Parcubacteria7_0.51_39.8_humann_temp/tmpir6iyjbd/diamond_m8_zapud2ku --tmpdir /home/joynerco22/humann-3.6.1/H2W_SMM_FULL_Parcubacteria7_0.51_39.8.fa_results/H2W_SMM_FULL_Parcubacteria7_0.51_39.8_humann_temp/tmpir6iyjbd
04/20/2023 11:01:52 AM - humann.utilities - DEBUG: b'diamond v2.1.6.160 (C) Max Planck Society for the Advancement of Science\nDocumentation, support and updates available at http://www.diamondsearch.org\nPlease cite: http://dx.doi.org/10.1038/s41592-021-01101-x Nature Methods (2021)\n\n#CPU threads: 8\nScoring parameters: (Matrix=BLOSUM62 Lambda=0.267 K=0.041 Penalties=11/1)\nTemporary directory: /home/joynerco22/humann-3.6.1/H2W_SMM_FULL_Parcubacteria7_0.51_39.8.fa_results/H2W_SMM_FULL_Parcubacteria7_0.51_39.8_humann_temp/tmpir6iyjbd\nPercentage range of top alignment score to report hits: 1\nOpening the database...  [0.122s]\nDatabase: /home/joynerco22/humann-3.6.1/humann/data/uniref/HUMANN3/uniref/uniref50_201901b_full (type: Diamond database, sequences: 32474829, letters: 9843106304)\nBlock size = 2000000000\nOpening the input file...  [0s]\nOpening the output file...  [0s]\nLoading query sequences...  [0.006s]\nMasking queries...  [0.015s]\nBuilding query seed set...  [0.264s]\nAlgorithm: Query-indexed\nBuilding query histograms...  [0.012s]\nSeeking in database...  [0s]\nLoading reference sequences...  [6.146s]\nInitializing dictionary...  [0.036s]\nInitializing temporary storage...  [0s]\nBuilding reference histograms...  [63.721s]\nAllocating buffers...  [0.001s]\nProcessing query block 1, reference block 1/5, shape 1/16.\nBuilding reference seed array...  [4.68s]\nBuilding query seed array...  [0.002s]\nComputing hash join...  [1.074s]\nSearching alignments...  [1.479s]\nDeallocating memory...  [0s]\nProcessing query block 1, reference block 1/5, shape 2/16.\nBuilding reference seed array...  [4.381s]\nBuilding query seed array...  [0.002s]\nComputing hash join...  [0.545s]\nSearching alignments...  [1.219s]\nDeallocating memory...  [0s]\nProcessing query block 1, reference block 1/5, shape 3/16.\nBuilding reference seed array...  [4.124s]\nBuilding query seed array...  [0.002s]\nComputing hash join...  [0.519s]\nSearching alignments...  [1.356s]\nDeallocating memory...  [0s]\nProcessing query block 1, reference block 1/5, shape 4/16.\nBuilding reference seed array...  [4.338s]\nBuilding query seed array...  [0.002s]\nComputing hash join...  [0.517s]\nSearching alignments...  [1.336s]\nDeallocating memory...  [0s]\nProcessing query block 1, reference block 1/5, shape 5/16.\nBuilding reference seed array...  [4.21s]\nBuilding query seed array...  [0.002s]\nComputing hash join...  [0.517s]\nSearching alignments...  [3.14s]\nDeallocating memory...  [0s]\nProcessing query block 1, reference block 1/5, shape 6/16.\nBuilding reference seed array...  [4.137s]\nBuilding query seed array...  [0.002s]\nComputing hash join...  [0.491s]\nSearching alignments...  [1.599s]\nDeallocating memory...  [0s]\nProcessing query block 1, reference block 1/5, shape 7/16.\nBuilding reference seed array...  [4.322s]\nBuilding query seed array...  [0.002s]\nComputing hash join...  [0.505s]\nSearching alignments...  [1.372s]\nDeallocating memory...  [0s]\nProcessing query block 1, reference block 1/5, shape 8/16.\nBuilding reference seed array...  [4.54s]\nBuilding query seed array...  [0.003s]\nComputing hash join...  [0.497s]\nSearching alignments...  [1.322s]\nDeallocating memory...  [0s]\nProcessing query block 1, reference block 1/5, shape 9/16.\nBuilding reference seed array...  [4.264s]\nBuilding query seed array...  [0.002s]\nComputing hash join...  [0.51s]\nSearching alignments...  [1.492s]\nDeallocating memory...  [0s]\nProcessing query block 1, reference block 1/5, shape 10/16.\nBuilding reference seed array...  [4.35s]\nBuilding query seed array...  [0.002s]\nComputing hash join...  [0.464s]\nSearching alignments...  [1.264s]\nDeallocating memory...  [0s]\nProcessing query block 1, reference block 1/5, shape 11/16.\nBuilding reference seed array...  [4.209s]\nBuilding query seed array...  [0.002s]\nComputing hash join...  [0.51s]\nSearching alignments...  [1.368s]\nDeallocating memory...  [0s]\nProcessing query block 1, reference block 1/5, shape 12/16.\nBuilding reference seed array...  [4.522s]\nBuilding query seed array...  [0.002s]\nComputing hash join...  [0.505s]\nSearching alignments...  [1.272s]\nDeallocating memory...  [0s]\nProcessing query block 1, reference block 1/5, shape 13/16.\nBuilding reference seed array...  [4.279s]\nBuilding query seed array...  [0.002s]\nComputing hash join...  [0.476s]\nSearching alignments...  [1.968s]\nDeallocating memory...  [0s]\nProcessing query block 1, reference block 1/5, shape 14/16.\nBuilding reference seed array...  [4.282s]\nBuilding query seed array...  [0.003s]\nComputing hash join...  [0.502s]\nSearching alignments...  [1.43s]\nDeallocating memory...  [0s]\nProcessing query block 1, reference block 1/5, shape 15/16.\nBuilding reference seed array...  [4.511s]\nBuilding query seed array...  [0.002s]\nComputing hash join...  [0.508s]\nSearching alignments...  [1.581s]\nDeallocating memory...  [0s]\nProcessing query block 1, reference block 1/5, shape 16/16.\nBuilding reference seed array...  [4.189s]\nBuilding query seed array...  [0.002s]\nComputing hash join...  [0.467s]\nSearching alignments...  [1.341s]\nDeallocating memory...  [0s]\nDeallocating buffers...  [0.176s]\nClearing query masking...  [0s]\nOpening temporary output file...  [0s]\nComputing alignments... Loading trace points...  [0.032s]\nSorting trace points...  [0.006s]\nComputing alignments...  [0.36s]\nDeallocating buffers...  [0s]\nLoading trace points...  [0s]\n [0.413s]\nDeallocating reference...  [0.266s]\nLoading reference sequences...  [6.152s]\nInitializing dictionary...  [0.037s]\nInitializing temporary storage...  [0s]\nBuilding reference histograms...  [64.242s]\nAllocating buffers...  [0.001s]\nProcessing query block 1, reference block 2/5, shape 1/16.\nBuilding reference seed array...  [4.921s]\nBuilding query seed array...  [0.002s]\nComputing hash join...  [1.193s]\nSearching alignments...  [1.4s]\nDeallocating memory...  [0s]\nProcessing query block 1, reference block 2/5, shape 2/16.\nBuilding reference seed array...  [4.129s]\nBuilding query seed array...  [0.002s]\nComputing hash join...  [0.543s]\nSearching alignments...  [1.292s]\nDeallocating memory...  [0s]\nProcessing query block 1, reference block 2/5, shape 3/16.\nBuilding reference seed array...  [4.573s]\nBuilding query seed array...  [0.002s]\nComputing hash join...  [0.553s]\nSearching alignments...  [1.409s]\nDeallocating memory...  [0s]\nProcessing query block 1, reference block 2/5, shape 4/16.\nBuilding reference seed array...  [4.455s]\nBuilding query seed array...  [0.002s]\nComputing hash join...  [0.5s]\nSearching alignments...  [1.36s]\nDeallocating memory...  [0s]\nProcessing query block 1, reference block 2/5, shape 5/16.\nBuilding reference seed array...  [4.193s]\nBuilding query seed array...  [0.002s]\nComputing hash join...  [0.469s]\nSearching alignments...  [3.208s]\nDeallocating memory...  [0s]\nProcessing query block 1, reference block 2/5, shape 6/16.\nBuilding reference seed array...  [4.442s]\nBuilding query seed array...  [0.002s]\nComputing hash join...  [0.482s]\nSearching alignments...  [1.628s]\nDeallocating memory...  [0s]\nProcessing query block 1, reference block 2/5, shape 7/16.\nBuilding reference seed array...  [4.45s]\nBuilding query seed array...  [0.003s]\nComputing hash join...  [0.489s]\nSearching alignments...  [1.319s]\nDeallocating memory...  [0s]\nProcessing query block 1, reference block 2/5, shape 8/16.\nBuilding reference seed array...  [4.217s]\nBuilding query seed array...  [0.002s]\nComputing hash join...  [0.519s]\nSearching alignments...  [1.43s]\nDeallocating memory...  [0s]\nProcessing query block 1, reference block 2/5, shape 9/16.\nBuilding reference seed array...  [4.465s]\nBuilding query seed array...  [0.002s]\nComputing hash join...  [0.533s]\nSearching alignments...  [1.581s]\nDeallocating memory...  [0s]\nProcessing query block 1, reference block 2/5, shape 10/16.\nBuilding reference seed array...  [4.067s]\nBuilding query seed array...  [0.002s]\nComputing hash join...  [0.468s]\nSearching alignments...  [1.248s]\nDeallocating memory...  [0s]\nProcessing query block 1, reference block 2/5, shape 11/16.\nBuilding reference seed array...  [4.531s]\nBuilding query seed array...  [0.002s]\nComputing hash join...  [0.534s]\nSearching alignments...  [1.495s]\nDeallocating memory...  [0s]\nProcessing query block 1, reference block 2/5, shape 12/16.\nBuilding reference seed array...  [4.28s]\nBuilding query seed array...  [0.002s]\nComputing hash join...  [0.467s]\nSearching alignments...  [1.309s]\nDeallocating memory...  [0s]\nProcessing query block 1, reference block 2/5, shape 13/16.\nBuilding reference seed array...  [4.247s]\nBuilding query seed array...  [0.002s]\nComputing hash join...  [0.493s]\nSearching alignments...  [2.01s]\nDeallocating memory...  [0s]\nProcessing query block 1, reference block 2/5, shape 14/16.\nBuilding reference seed array...  [4.466s]\nBuilding query seed array...  [0.003s]\nComputing hash join...  [0.486s]\nSearching alignments...  [1.341s]\nDeallocating memory...  [0s]\nProcessing query block 1, reference block 2/5, shape 15/16.\nBuilding reference seed array...  [4.17s]\nBuilding query seed array...  [0.002s]\nComputing hash join...  [0.498s]\nSearching alignments...  [1.68s]\nDeallocating memory...  [0s]\nProcessing query block 1, reference block 2/5, shape 16/16.\nBuilding reference seed array...  [4.339s]\nBuilding query seed array...  [0.002s]\nComputing hash join...  [0.457s]\nSearching alignments...  [1.336s]\nDeallocating memory...  [0s]\nDeallocating buffers...  [0.178s]\nClearing query masking...  [0s]\nOpening temporary output file...  [0s]\nComputing alignments... Loading trace points...  [0.03s]\nSorting trace points...  [0.006s]\nComputing alignments...  [0.374s]\nDeallocating buffers...  [0s]\nLoading trace points...  [0s]\n [0.427s]\nDeallocating reference...  [0.263s]\nLoading reference sequences...  [6.071s]\nInitializing dictionary...  [0.036s]\nInitializing temporary storage...  [0s]\nBuilding reference histograms...  [62.576s]\nAllocating buffers...  [0.001s]\nProcessing query block 1, reference block 3/5, shape 1/16.\nBuilding reference seed array...  [4.571s]\nBuilding query seed array...  [0.002s]\nComputing hash join...  [1.277s]\nSearching alignments...  [1.518s]\nDeallocating memory...  [0s]\nProcessing query block 1, reference block 3/5, shape 2/16.\nBuilding reference seed array...  [4.443s]\nBuilding query seed array...  [0.002s]\nComputing hash join...  [0.503s]\nSearching alignments...  [1.269s]\nDeallocating memory...  [0s]\nProcessing query block 1, reference block 3/5, shape 3/16.\nBuilding reference seed array...  [4.207s]\nBuilding query seed array...  [0.002s]\nComputing hash join...  [0.504s]\nSearching alignments...  [1.343s]\nDeallocating memory...  [0s]\nProcessing query block 1, reference block 3/5, shape 4/16.\nBuilding reference seed array...  [4.018s]\nBuilding query seed array...  [0.002s]\nComputing hash join...  [0.462s]\nSearching alignments...  [1.238s]\nDeallocating memory...  [0s]\nProcessing query block 1, reference block 3/5, shape 5/16.\nBuilding reference seed array...  [4.334s]\nBuilding query seed array...  [0.002s]\nComputing hash join...  [0.518s]\nSearching alignments...  [3.19s]\nDeallocating memory...  [0s]\nProcessing query block 1, reference block 3/5, shape 6/16.\nBuilding reference seed array...  [4.293s]\nBuilding query seed array...  [0.002s]\nComputing hash join...  [0.509s]\nSearching alignments...  [1.635s]\nDeallocating memory...  [0s]\nProcessing query block 1, reference block 3/5, shape 7/16.\nBuilding reference seed array...  [4.347s]\nBuilding query seed array...  [0.002s]\nComputing hash join...  [0.47s]\nSearching alignments...  [1.303s]\nDeallocating memory...  [0s]\nProcessing query block 1, reference block 3/5, shape 8/16.\nBuilding reference seed array...  [3.998s]\nBuilding query seed array...  [0.003s]\nComputing hash join...  [0.493s]\nSearching alignments...  [1.333s]\nDeallocating memory...  [0s]\nProcessing query block 1, reference block 3/5, shape 9/16.\nBuilding reference seed array...  [4.466s]\nBuilding query seed array...  [0.002s]\nComputing hash join...  [0.526s]\nSearching alignments...  [1.415s]\nDeallocating memory...  [0s]\nProcessing query block 1, reference block 3/5, shape 10/16.\nBuilding reference seed array...  [3.929s]\nBuilding query seed array...  [0.002s]\nComputing hash join...  [0.413s]\nSearching alignments...  [1.269s]\nDeallocating memory...  [0s]\nProcessing query block 1, reference block 3/5, shape 11/16.\nBuilding reference seed array...  [4.381s]\nBuilding query seed array...  [0.002s]\nComputing hash join...  [0.502s]\nSearching alignments...  [1.335s]\nDeallocating memory...  [0s]\nProcessing query block 1, reference block 3/5, shape 12/16.\nBuilding reference seed array...  [4.237s]\nBuilding query seed array...  [0.002s]\nComputing hash join...  [0.502s]\nSearching alignments...  [1.401s]\nDeallocating memory...  [0s]\nProcessing query block 1, reference block 3/5, shape 13/16.\nBuilding reference seed array...  [4.223s]\nBuilding query seed array...  [0.002s]\nComputing hash join...  [0.467s]\nSearching alignments...  [1.91s]\nDeallocating memory...  [0s]\nProcessing query block 1, reference block 3/5, shape 14/16.\nBuilding reference seed array...  [4.423s]\nBuilding query seed array...  [0.002s]\nComputing hash join...  [0.501s]\nSearching alignments...  [1.362s]\nDeallocating memory...  [0s]\nProcessing query block 1, reference block 3/5, shape 15/16.\nBuilding reference seed array...  [4.136s]\nBuilding query seed array...  [0.002s]\nComputing hash join...  [0.475s]\nSearching alignments...  [1.542s]\nDeallocating memory...  [0s]\nProcessing query block 1, reference block 3/5, shape 16/16.\nBuilding reference seed array...  [4.488s]\nBuilding query seed array...  [0.002s]\nComputing hash join...  [0.486s]\nSearching alignments...  [1.36s]\nDeallocating memory...  [0s]\nDeallocating buffers...  [0.175s]\nClearing query masking...  [0s]\nOpening temporary output file...  [0s]\nComputing alignments... Loading trace points...  [0.031s]\nSorting trace points...  [0.007s]\nComputing alignments...  [0.353s]\nDeallocating buffers...  [0s]\nLoading trace points...  [0s]\n [0.407s]\nDeallocating reference...  [0.265s]\nLoading reference sequences...  [6.136s]\nInitializing dictionary...  [0.037s]\nInitializing temporary storage...  [0s]\nBuilding reference histograms...  [63.203s]\nAllocating buffers...  [0.001s]\nProcessing query block 1, reference block 4/5, shape 1/16.\nBuilding reference seed array...  [4.538s]\nBuilding query seed array...  [0.002s]\nComputing hash join...  [1.049s]\nSearching alignments...  [1.431s]\nDeallocating memory...  [0s]\nProcessing query block 1, reference block 4/5, shape 2/16.\nBuilding reference seed array...  [4.728s]\nBuilding query seed array...  [0.002s]\nComputing hash join...  [0.593s]\nSearching alignments...  [1.378s]\nDeallocating memory...  [0s]\nProcessing query block 1, reference block 4/5, shape 3/16.\nBuilding reference seed array...  [4.426s]\nBuilding query seed array...  [0.003s]\nComputing hash join...  [0.536s]\nSearching alignments...  [1.345s]\nDeallocating memory...  [0s]\nProcessing query block 1, reference block 4/5, shape 4/16.\nBuilding reference seed array...  [4.552s]\nBuilding query seed array...  [0.002s]\nComputing hash join...  [0.521s]\nSearching alignments...  [1.381s]\nDeallocating memory...  [0s]\nProcessing query block 1, reference block 4/5, shape 5/16.\nBuilding reference seed array...  [4.264s]\nBuilding query seed array...  [0.003s]\nComputing hash join...  [0.488s]\nSearching alignments...  [3.11s]\nDeallocating memory...  [0s]\nProcessing query block 1, reference block 4/5, shape 6/16.\nBuilding reference seed array...  [4.136s]\nBuilding query seed array...  [0.002s]\nComputing hash join...  [0.511s]\nSearching alignments...  [1.64s]\nDeallocating memory...  [0s]\nProcessing query block 1, reference block 4/5, shape 7/16.\nBuilding reference seed array...  [4.245s]\nBuilding query seed array...  [0.002s]\nComputing hash join...  [0.464s]\nSearching alignments...  [1.284s]\nDeallocating memory...  [0s]\nProcessing query block 1, reference block 4/5, shape 8/16.\nBuilding reference seed array...  [4.286s]\nBuilding query seed array...  [0.002s]\nComputing hash join...  [0.517s]\nSearching alignments...  [1.348s]\nDeallocating memory...  [0s]\nProcessing query block 1, reference block 4/5, shape 9/16.\nBuilding reference seed array...  [4.106s]\nBuilding query seed array...  [0.002s]\nComputing hash join...  [0.45s]\nSearching alignments...  [1.294s]\nDeallocating memory...  [0s]\nProcessing query block 1, reference block 4/5, shape 10/16.\nBuilding reference seed array...  [4.348s]\nBuilding query seed array...  [0.002s]\nComputing hash join...  [0.449s]\nSearching alignments...  [1.238s]\nDeallocating memory...  [0s]\nProcessing query block 1, reference block 4/5, shape 11/16.\nBuilding reference seed array...  [4.387s]\nBuilding query seed array...  [0.002s]\nComputing hash join...  [0.504s]\nSearching alignments...  [1.338s]\nDeallocating memory...  [0s]\nProcessing query block 1, reference block 4/5, shape 12/16.\nBuilding reference seed array...  [4.511s]\nBuilding query seed array...  [0.002s]\nComputing hash join...  [0.495s]\nSearching alignments...  [1.354s]\nDeallocating memory...  [0s]\nProcessing query block 1, reference block 4/5, shape 13/16.\nBuilding reference seed array...  [4.132s]\nBuilding query seed array...  [0.002s]\nComputing hash join...  [0.498s]\nSearching alignments...  [1.766s]\nDeallocating memory...  [0s]\nProcessing query block 1, reference block 4/5, shape 14/16.\nBuilding reference seed array...  [4.381s]\nBuilding query seed array...  [0.002s]\nComputing hash join...  [0.539s]\nSearching alignments...  [1.397s]\nDeallocating memory...  [0s]\nProcessing query block 1, reference block 4/5, shape 15/16.\nBuilding reference seed array...  [4.112s]\nBuilding query seed array...  [0.002s]\nComputing hash join...  [0.503s]\nSearching alignments...  [1.448s]\nDeallocating memory...  [0s]\nProcessing query block 1, reference block 4/5, shape 16/16.\nBuilding reference seed array...  [4.229s]\nBuilding query seed array...  [0.002s]\nComputing hash join...  [0.476s]\nSearching alignments...  [1.341s]\nDeallocating memory...  [0s]\nDeallocating buffers...  [0.178s]\nClearing query masking...  [0s]\nOpening temporary output file...  [0s]\nComputing alignments... Loading trace points...  [0.033s]\nSorting trace points...  [0.007s]\nComputing alignments...  [0.357s]\nDeallocating buffers...  [0s]\nLoading trace points...  [0s]\n [0.413s]\nDeallocating reference...  [0.257s]\nLoading reference sequences...  [5.588s]\nInitializing dictionary...  [0.035s]\nInitializing temporary storage...  [0s]\nBuilding reference histograms...  [58.889s]\nAllocating buffers...  [0.001s]\nProcessing query block 1, reference block 5/5, shape 1/16.\nBuilding reference seed array...  [4.177s]\nBuilding query seed array...  [0.002s]\nComputing hash join...  [1.194s]\nSearching alignments...  [1.295s]\nDeallocating memory...  [0s]\nProcessing query block 1, reference block 5/5, shape 2/16.\nBuilding reference seed array...  [3.815s]\nBuilding query seed array...  [0.002s]\nComputing hash join...  [0.455s]\nSearching alignments...  [1.148s]\nDeallocating memory...  [0s]\nProcessing query block 1, reference block 5/5, shape 3/16.\nBuilding reference seed array...  [4.082s]\nBuilding query seed array...  [0.002s]\nComputing hash join...  [0.487s]\nSearching alignments...  [1.256s]\nDeallocating memory...  [0s]\nProcessing query block 1, reference block 5/5, shape 4/16.\nBuilding reference seed array...  [3.901s]\nBuilding query seed array...  [0.002s]\nComputing hash join...  [0.46s]\nSearching alignments...  [1.247s]\nDeallocating memory...  [0s]\nProcessing query block 1, reference block 5/5, shape 5/16.\nBuilding reference seed array...  [4.098s]\nBuilding query seed array...  [0.002s]\nComputing hash join...  [0.454s]\nSearching alignments...  [3.111s]\nDeallocating memory...  [0s]\nProcessing query block 1, reference block 5/5, shape 6/16.\nBuilding reference seed array...  [4.081s]\nBuilding query seed array...  [0.002s]\nComputing hash join...  [0.46s]\nSearching alignments...  [1.619s]\nDeallocating memory...  [0s]\nProcessing query block 1, reference block 5/5, shape 7/16.\nBuilding reference seed array...  [3.93s]\nBuilding query seed array...  [0.002s]\nComputing hash join...  [0.453s]\nSearching alignments...  [1.17s]\nDeallocating memory...  [0s]\nProcessing query block 1, reference block 5/5, shape 8/16.\nBuilding reference seed array...  [3.702s]\nBuilding query seed array...  [0.002s]\nComputing hash join...  [0.425s]\nSearching alignments...  [1.273s]\nDeallocating memory...  [0s]\nProcessing query block 1, reference block 5/5, shape 9/16.\nBuilding reference seed array...  [4.066s]\nBuilding query seed array...  [0.002s]\nComputing hash join...  [0.479s]\nSearching alignments...  [1.273s]\nDeallocating memory...  [0s]\nProcessing query block 1, reference block 5/5, shape 10/16.\nBuilding reference seed array...  [3.782s]\nBuilding query seed array...  [0.002s]\nComputing hash join...  [0.417s]\nSearching alignments...  [1.217s]\nDeallocating memory...  [0s]\nProcessing query block 1, reference block 5/5, shape 11/16.\nBuilding reference seed array...  [4.04s]\nBuilding query seed array...  [0.002s]\nComputing hash join...  [0.459s]\nSearching alignments...  [1.231s]\nDeallocating memory...  [0s]\nProcessing query block 1, reference block 5/5, shape 12/16.\nBuilding reference seed array...  [3.899s]\nBuilding query seed array...  [0.002s]\nComputing hash join...  [0.417s]\nSearching alignments...  [1.167s]\nDeallocating memory...  [0s]\nProcessing query block 1, reference block 5/5, shape 13/16.\nBuilding reference seed array...  [3.718s]\nBuilding query seed array...  [0.002s]\nComputing hash join...  [0.421s]\nSearching alignments...  [1.716s]\nDeallocating memory...  [0s]\nProcessing query block 1, reference block 5/5, shape 14/16.\nBuilding reference seed array...  [3.83s]\nBuilding query seed array...  [0.002s]\nComputing hash join...  [0.427s]\nSearching alignments...  [1.246s]\nDeallocating memory...  [0s]\nProcessing query block 1, reference block 5/5, shape 15/16.\nBuilding reference seed array...  [3.753s]\nBuilding query seed array...  [0.002s]\nComputing hash join...  [0.431s]\nSearching alignments...  [1.419s]\nDeallocating memory...  [0s]\nProcessing query block 1, reference block 5/5, shape 16/16.\nBuilding reference seed array...  [4.068s]\nBuilding query seed array...  [0.002s]\nComputing hash join...  [0.424s]\nSearching alignments...  [1.282s]\nDeallocating memory...  [0s]\nDeallocating buffers...  [0.162s]\nClearing query masking...  [0s]\nOpening temporary output file...  [0s]\nComputing alignments... Loading trace points...  [0.033s]\nSorting trace points...  [0.007s]\nComputing alignments...  [0.333s]\nDeallocating buffers...  [0s]\nLoading trace points...  [0s]\n [0.387s]\nDeallocating reference...  [0.244s]\nLoading reference sequences...  [0s]\nDeallocating buffers...  [0s]\nJoining output blocks... Loading dictionary...  [0s]\nJoining output blocks...  [0s]\n [0.001s]\nDeallocating queries...  [0s]\nLoading query sequences...  [0s]\nClosing the input file...  [0s]\nClosing the output file...  [0s]\nClosing the database...  [0.005s]\nCleaning up...  [0s]\nTotal time = 851.387s\nReported 70 pairwise alignments, 70 HSPs.\n61 queries aligned.\n'
04/20/2023 11:01:52 AM - humann.utilities - DEBUG: Using software: /bin/cat
04/20/2023 11:01:52 AM - humann.utilities - INFO: Execute command: /bin/cat /home/joynerco22/humann-3.6.1/H2W_SMM_FULL_Parcubacteria7_0.51_39.8.fa_results/H2W_SMM_FULL_Parcubacteria7_0.51_39.8_humann_temp/tmpir6iyjbd/diamond_m8_zapud2ku
04/20/2023 11:01:52 AM - humann.humann - INFO: TIMESTAMP: Completed 	translated alignment 	:	 852	 seconds
04/20/2023 11:01:52 AM - humann.utilities - DEBUG: Total alignments where percent identity is not a number: 0
04/20/2023 11:01:52 AM - humann.utilities - DEBUG: Total alignments where alignment length is not a number: 0
04/20/2023 11:01:52 AM - humann.utilities - DEBUG: Total alignments where E-value is not a number: 0
04/20/2023 11:01:52 AM - humann.utilities - DEBUG: Total alignments not included based on large e-value: 0
04/20/2023 11:01:52 AM - humann.utilities - DEBUG: Total alignments not included based on small percent identity: 5
04/20/2023 11:01:52 AM - humann.utilities - DEBUG: Total alignments not included based on small query coverage: 0
04/20/2023 11:01:52 AM - humann.search.blastx_coverage - INFO: Total alignments without coverage information: 0
04/20/2023 11:01:52 AM - humann.search.blastx_coverage - INFO: Total proteins in blastx output: 57
04/20/2023 11:01:52 AM - humann.search.blastx_coverage - INFO: Total proteins without lengths: 0
04/20/2023 11:01:52 AM - humann.search.blastx_coverage - INFO: Proteins with coverage greater than threshold (50.0): 57
04/20/2023 11:01:52 AM - humann.utilities - DEBUG: Total alignments where percent identity is not a number: 0
04/20/2023 11:01:52 AM - humann.utilities - DEBUG: Total alignments where alignment length is not a number: 0
04/20/2023 11:01:52 AM - humann.utilities - DEBUG: Total alignments where E-value is not a number: 0
04/20/2023 11:01:52 AM - humann.utilities - DEBUG: Total alignments not included based on large e-value: 0
04/20/2023 11:01:52 AM - humann.utilities - DEBUG: Total alignments not included based on small percent identity: 5
04/20/2023 11:01:52 AM - humann.utilities - DEBUG: Total alignments not included based on small query coverage: 0
04/20/2023 11:01:52 AM - humann.search.translated - DEBUG: Total translated alignments not included based on small subject coverage value: 0
04/20/2023 11:01:52 AM - humann.humann - INFO: TIMESTAMP: Completed 	translated alignment post-processing 	:	 0	 seconds
04/20/2023 11:01:52 AM - humann.humann - INFO: Total bugs after translated alignment: 1
04/20/2023 11:01:52 AM - humann.humann - INFO: 
unclassified: 65 hits
04/20/2023 11:01:52 AM - humann.humann - INFO: Total gene families after translated alignment: 57
04/20/2023 11:01:52 AM - humann.humann - INFO: Unaligned reads after translated alignment: 6.5573770492 %
04/20/2023 11:01:52 AM - humann.humann - INFO: Computing gene families ...
04/20/2023 11:01:52 AM - humann.quantify.families - DEBUG: Compute gene families
04/20/2023 11:01:52 AM - humann.store - INFO: 
Total gene families  : 57
unclassified : 57 gene families
04/20/2023 11:02:12 AM - humann.humann - INFO: TIMESTAMP: Completed 	computing gene families 	:	 20	 seconds
04/20/2023 11:02:12 AM - humann.humann - INFO: Computing pathways abundance and coverage ...
04/20/2023 11:02:12 AM - humann.quantify.modules - DEBUG: Write flat reactions to pathways file for Minpath
04/20/2023 11:02:12 AM - humann.quantify.modules - INFO: Compute reaction scores for bug: unclassified
04/20/2023 11:02:14 AM - humann.quantify.modules - INFO: Run MinPath on unclassified
04/20/2023 11:02:14 AM - humann.quantify.modules - INFO: Compute reaction scores for bug: all
04/20/2023 11:02:16 AM - humann.quantify.modules - INFO: Run MinPath on all
04/20/2023 11:02:16 AM - humann.utilities - DEBUG: Using python module : /home/joynerco22/miniconda3/envs/biobakery3/lib/python3.7/site-packages/humann/quantify/MinPath12hmp.py
04/20/2023 11:02:16 AM - humann.utilities - DEBUG: Using python module : /home/joynerco22/miniconda3/envs/biobakery3/lib/python3.7/site-packages/humann/quantify/MinPath12hmp.py
04/20/2023 11:02:16 AM - humann.utilities - INFO: Execute command: /home/joynerco22/miniconda3/envs/biobakery3/bin/python3.7 /home/joynerco22/miniconda3/envs/biobakery3/lib/python3.7/site-packages/humann/quantify/MinPath12hmp.py -any /home/joynerco22/humann-3.6.1/H2W_SMM_FULL_Parcubacteria7_0.51_39.8.fa_results/H2W_SMM_FULL_Parcubacteria7_0.51_39.8_humann_temp/tmpir6iyjbd/tmpogdq4pl1 -map /home/joynerco22/humann-3.6.1/H2W_SMM_FULL_Parcubacteria7_0.51_39.8.fa_results/H2W_SMM_FULL_Parcubacteria7_0.51_39.8_humann_temp/tmpir6iyjbd/tmpy565zoge -report /home/joynerco22/humann-3.6.1/H2W_SMM_FULL_Parcubacteria7_0.51_39.8.fa_results/H2W_SMM_FULL_Parcubacteria7_0.51_39.8_humann_temp/tmpir6iyjbd/tmpxhba6ag1 -details /home/joynerco22/humann-3.6.1/H2W_SMM_FULL_Parcubacteria7_0.51_39.8.fa_results/H2W_SMM_FULL_Parcubacteria7_0.51_39.8_humann_temp/tmpir6iyjbd/tmpo8itxx8y -mps /home/joynerco22/humann-3.6.1/H2W_SMM_FULL_Parcubacteria7_0.51_39.8.fa_results/H2W_SMM_FULL_Parcubacteria7_0.51_39.8_humann_temp/tmpir6iyjbd/tmpljvnslbm
04/20/2023 11:02:16 AM - humann.utilities - INFO: Execute command: /home/joynerco22/miniconda3/envs/biobakery3/bin/python3.7 /home/joynerco22/miniconda3/envs/biobakery3/lib/python3.7/site-packages/humann/quantify/MinPath12hmp.py -any /home/joynerco22/humann-3.6.1/H2W_SMM_FULL_Parcubacteria7_0.51_39.8.fa_results/H2W_SMM_FULL_Parcubacteria7_0.51_39.8_humann_temp/tmpir6iyjbd/tmpj6ksiebo -map /home/joynerco22/humann-3.6.1/H2W_SMM_FULL_Parcubacteria7_0.51_39.8.fa_results/H2W_SMM_FULL_Parcubacteria7_0.51_39.8_humann_temp/tmpir6iyjbd/tmpy565zoge -report /home/joynerco22/humann-3.6.1/H2W_SMM_FULL_Parcubacteria7_0.51_39.8.fa_results/H2W_SMM_FULL_Parcubacteria7_0.51_39.8_humann_temp/tmpir6iyjbd/tmpr4xi2u_2 -details /home/joynerco22/humann-3.6.1/H2W_SMM_FULL_Parcubacteria7_0.51_39.8.fa_results/H2W_SMM_FULL_Parcubacteria7_0.51_39.8_humann_temp/tmpir6iyjbd/tmp0gmkyc3o -mps /home/joynerco22/humann-3.6.1/H2W_SMM_FULL_Parcubacteria7_0.51_39.8.fa_results/H2W_SMM_FULL_Parcubacteria7_0.51_39.8_humann_temp/tmpir6iyjbd/tmpieag3hc7
04/20/2023 11:02:18 AM - humann.quantify.modules - DEBUG: Compute pathway abundance for bug: unclassified
04/20/2023 11:02:18 AM - humann.quantify.modules - DEBUG: Compute pathway abundance for bug: all
04/20/2023 11:02:18 AM - humann.quantify.modules - DEBUG: Compute pathway coverage for bug: unclassified
04/20/2023 11:02:18 AM - humann.quantify.modules - DEBUG: Compute pathway coverage for bug: all
04/20/2023 11:02:18 AM - humann.quantify.modules - DEBUG: Print pathways _Abundance
04/20/2023 11:02:18 AM - humann.quantify.modules - DEBUG: Print pathways _Coverage
04/20/2023 11:02:18 AM - humann.humann - INFO: TIMESTAMP: Completed 	computing pathways 	:	 6	 seconds
04/20/2023 11:02:18 AM - humann.humann - INFO: 
Output files created: 
/home/joynerco22/humann-3.6.1/H2W_SMM_FULL_Parcubacteria7_0.51_39.8.fa_results/H2W_SMM_FULL_Parcubacteria7_0.51_39.8_genefamilies.tsv
/home/joynerco22/humann-3.6.1/H2W_SMM_FULL_Parcubacteria7_0.51_39.8.fa_results/H2W_SMM_FULL_Parcubacteria7_0.51_39.8_pathabundance.tsv
/home/joynerco22/humann-3.6.1/H2W_SMM_FULL_Parcubacteria7_0.51_39.8.fa_results/H2W_SMM_FULL_Parcubacteria7_0.51_39.8_pathcoverage.tsv

04/20/2023 11:02:18 AM - humann.utilities - DEBUG: Remove directory: /home/joynerco22/humann-3.6.1/H2W_SMM_FULL_Parcubacteria7_0.51_39.8.fa_results/H2W_SMM_FULL_Parcubacteria7_0.51_39.8_humann_temp/tmpir6iyjbd
